<?xml version="1.0" encoding="UTF-8"?>
<testsuite xmlns:xsi="http://www.w3.org/2001/XMLSchema-instance" xsi:noNamespaceSchemaLocation="https://maven.apache.org/surefire/maven-surefire-plugin/xsd/surefire-test-report.xsd" name="TestSuite" time="22.424" tests="2" errors="0" skipped="0" failures="0">
  <properties>
[...]
</properties>
  <testcase name="f" classname="MavenSeleniumAutomation123.SeleniumAutomation123.NewTest" time="0"/>
  <testcase name="test" classname="MavenSeleniumAutomation123.SeleniumAutomation123.PageFactory_TestCase" time="7.641"/>
</testsuite>