<?xml version="1.0" encoding="UTF-8"?>
<testng-results ignored="0" total="1" passed="1" failed="0" skipped="0">
  <reporter-output>
  </reporter-output>
  <suite started-at="2018-07-20T20:37:09Z" name="Default suite" finished-at="2018-07-20T20:37:27Z" duration-ms="17628">
    <groups>
    </groups>
    <test started-at="2018-07-20T20:37:09Z" name="Default test" finished-at="2018-07-20T20:37:27Z" duration-ms="17628">
      <class name="MavenSeleniumAutomation123.SeleniumAutomation123.PageFactory_TestCase">
        <test-method is-config="true" signature="beforeMethod()[pri:0, instance:MavenSeleniumAutomation123.SeleniumAutomation123.PageFactory_TestCase@69fb6037]" started-at="2018-07-20T20:37:09Z" name="beforeMethod" finished-at="2018-07-20T20:37:21Z" duration-ms="11795" status="PASS">
          <reporter-output>
          </reporter-output>
        </test-method> <!-- beforeMethod -->
        <test-method signature="test()[pri:0, instance:MavenSeleniumAutomation123.SeleniumAutomation123.PageFactory_TestCase@69fb6037]" started-at="2018-07-20T20:37:21Z" name="test" finished-at="2018-07-20T20:37:26Z" duration-ms="5073" status="PASS">
          <reporter-output>
          </reporter-output>
        </test-method> <!-- test -->
        <test-method is-config="true" signature="afterMethod()[pri:0, instance:MavenSeleniumAutomation123.SeleniumAutomation123.PageFactory_TestCase@69fb6037]" started-at="2018-07-20T20:37:26Z" name="afterMethod" finished-at="2018-07-20T20:37:27Z" duration-ms="700" status="PASS">
          <reporter-output>
          </reporter-output>
        </test-method> <!-- afterMethod -->
      </class> <!-- MavenSeleniumAutomation123.SeleniumAutomation123.PageFactory_TestCase -->
    </test> <!-- Default test -->
  </suite> <!-- Default suite -->
</testng-results>
